<?xml version="1.0" encoding="UTF-8"?>
<testsuite xmlns:xsi="http://www.w3.org/2001/XMLSchema-instance" xsi:noNamespaceSchemaLocation="https://maven.apache.org/surefire/maven-surefire-plugin/xsd/surefire-test-report-3.0.xsd" version="3.0" name="com.agora.monitoring.MonitoringGuiTest" time="0.596" tests="1" errors="0" skipped="0" failures="0">
  <properties>
    <property name="java.specification.version" value="23"/>
    <property name="sun.cpu.isalist" value="amd64"/>
    <property name="sun.jnu.encoding" value="Cp1252"/>
    <property name="sun.awt.enableExtraMouseButtons" value="true"/>
    <property name="java.class.path" value="D:\cae\Sources\Agora AI\SystemMonitoring\target\test-classes;D:\cae\Sources\Agora AI\SystemMonitoring\target\classes;C:\Users\aassaf\.m2\repository\org\junit\jupiter\junit-jupiter\5.9.3\junit-jupiter-5.9.3.jar;C:\Users\aassaf\.m2\repository\org\junit\jupiter\junit-jupiter-api\5.9.3\junit-jupiter-api-5.9.3.jar;C:\Users\aassaf\.m2\repository\org\opentest4j\opentest4j\1.2.0\opentest4j-1.2.0.jar;C:\Users\aassaf\.m2\repository\org\junit\platform\junit-platform-commons\1.9.3\junit-platform-commons-1.9.3.jar;C:\Users\aassaf\.m2\repository\org\apiguardian\apiguardian-api\1.1.2\apiguardian-api-1.1.2.jar;C:\Users\aassaf\.m2\repository\org\junit\jupiter\junit-jupiter-params\5.9.3\junit-jupiter-params-5.9.3.jar;C:\Users\aassaf\.m2\repository\org\junit\jupiter\junit-jupiter-engine\5.9.3\junit-jupiter-engine-5.9.3.jar;C:\Users\aassaf\.m2\repository\org\junit\platform\junit-platform-engine\1.9.3\junit-platform-engine-1.9.3.jar;C:\Users\aassaf\.m2\repository\com\google\code\gson\gson\2.10.1\gson-2.10.1.jar;C:\Users\aassaf\.m2\repository\org\slf4j\slf4j-api\2.0.7\slf4j-api-2.0.7.jar;C:\Users\aassaf\.m2\repository\org\slf4j\slf4j-simple\2.0.7\slf4j-simple-2.0.7.jar;C:\Users\aassaf\.m2\repository\com\github\oshi\oshi-core\6.4.0\oshi-core-6.4.0.jar;C:\Users\aassaf\.m2\repository\net\java\dev\jna\jna\5.12.1\jna-5.12.1.jar;C:\Users\aassaf\.m2\repository\net\java\dev\jna\jna-platform\5.12.1\jna-platform-5.12.1.jar;"/>
    <property name="java.vm.vendor" value="Eclipse Adoptium"/>
    <property name="sun.arch.data.model" value="64"/>
    <property name="user.variant" value=""/>
    <property name="java.vendor.url" value="https://adoptium.net/"/>
    <property name="user.timezone" value="America/Toronto"/>
    <property name="os.name" value="Windows 11"/>
    <property name="java.vm.specification.version" value="23"/>
    <property name="sun.java.launcher" value="SUN_STANDARD"/>
    <property name="user.country" value="US"/>
    <property name="sun.boot.library.path" value="C:\Program Files\Eclipse Adoptium\jdk-23.0.1.11-hotspot\bin"/>
    <property name="sun.java.command" value="C:\Users\aassaf\AppData\Local\Temp\surefire15729995384112180509\surefirebooter-20251005223832123_3.jar C:\Users\aassaf\AppData\Local\Temp\surefire15729995384112180509 2025-10-05T22-38-31_729-jvmRun1 surefire-20251005223832123_1tmp surefire_0-20251005223832123_2tmp"/>
    <property name="jdk.debug" value="release"/>
    <property name="test" value="MonitoringGuiTest"/>
    <property name="surefire.test.class.path" value="D:\cae\Sources\Agora AI\SystemMonitoring\target\test-classes;D:\cae\Sources\Agora AI\SystemMonitoring\target\classes;C:\Users\aassaf\.m2\repository\org\junit\jupiter\junit-jupiter\5.9.3\junit-jupiter-5.9.3.jar;C:\Users\aassaf\.m2\repository\org\junit\jupiter\junit-jupiter-api\5.9.3\junit-jupiter-api-5.9.3.jar;C:\Users\aassaf\.m2\repository\org\opentest4j\opentest4j\1.2.0\opentest4j-1.2.0.jar;C:\Users\aassaf\.m2\repository\org\junit\platform\junit-platform-commons\1.9.3\junit-platform-commons-1.9.3.jar;C:\Users\aassaf\.m2\repository\org\apiguardian\apiguardian-api\1.1.2\apiguardian-api-1.1.2.jar;C:\Users\aassaf\.m2\repository\org\junit\jupiter\junit-jupiter-params\5.9.3\junit-jupiter-params-5.9.3.jar;C:\Users\aassaf\.m2\repository\org\junit\jupiter\junit-jupiter-engine\5.9.3\junit-jupiter-engine-5.9.3.jar;C:\Users\aassaf\.m2\repository\org\junit\platform\junit-platform-engine\1.9.3\junit-platform-engine-1.9.3.jar;C:\Users\aassaf\.m2\repository\com\google\code\gson\gson\2.10.1\gson-2.10.1.jar;C:\Users\aassaf\.m2\repository\org\slf4j\slf4j-api\2.0.7\slf4j-api-2.0.7.jar;C:\Users\aassaf\.m2\repository\org\slf4j\slf4j-simple\2.0.7\slf4j-simple-2.0.7.jar;C:\Users\aassaf\.m2\repository\com\github\oshi\oshi-core\6.4.0\oshi-core-6.4.0.jar;C:\Users\aassaf\.m2\repository\net\java\dev\jna\jna\5.12.1\jna-5.12.1.jar;C:\Users\aassaf\.m2\repository\net\java\dev\jna\jna-platform\5.12.1\jna-platform-5.12.1.jar;"/>
    <property name="sun.cpu.endian" value="little"/>
    <property name="user.home" value="C:\Users\aassaf"/>
    <property name="user.language" value="en"/>
    <property name="java.specification.vendor" value="Oracle Corporation"/>
    <property name="java.version.date" value="2024-10-15"/>
    <property name="java.home" value="C:\Program Files\Eclipse Adoptium\jdk-23.0.1.11-hotspot"/>
    <property name="file.separator" value="\"/>
    <property name="basedir" value="D:\cae\Sources\Agora AI\SystemMonitoring"/>
    <property name="java.vm.compressedOopsMode" value="Zero based"/>
    <property name="line.separator" value="&#10;"/>
    <property name="java.vm.specification.vendor" value="Oracle Corporation"/>
    <property name="java.specification.name" value="Java Platform API Specification"/>
    <property name="java.awt.headless" value="true"/>
    <property name="surefire.real.class.path" value="C:\Users\aassaf\AppData\Local\Temp\surefire15729995384112180509\surefirebooter-20251005223832123_3.jar"/>
    <property name="user.script" value=""/>
    <property name="sun.management.compiler" value="HotSpot 64-Bit Tiered Compilers"/>
    <property name="java.runtime.version" value="23.0.1+11"/>
    <property name="user.name" value="aassaf"/>
    <property name="stdout.encoding" value="Cp1252"/>
    <property name="path.separator" value=";"/>
    <property name="os.version" value="10.0"/>
    <property name="java.runtime.name" value="OpenJDK Runtime Environment"/>
    <property name="file.encoding" value="UTF-8"/>
    <property name="jnidispatch.path" value="C:\Users\aassaf\AppData\Local\Temp\jna--1424818523\jna11597381844799376655.dll"/>
    <property name="java.vm.name" value="OpenJDK 64-Bit Server VM"/>
    <property name="skipTests" value="false"/>
    <property name="java.vendor.version" value="Temurin-23.0.1+11"/>
    <property name="localRepository" value="C:\Users\aassaf\.m2\repository"/>
    <property name="jna.loaded" value="true"/>
    <property name="java.vendor.url.bug" value="https://github.com/adoptium/adoptium-support/issues"/>
    <property name="java.io.tmpdir" value="C:\Users\aassaf\AppData\Local\Temp\"/>
    <property name="java.version" value="23.0.1"/>
    <property name="user.dir" value="D:\cae\Sources\Agora AI\SystemMonitoring"/>
    <property name="os.arch" value="amd64"/>
    <property name="java.vm.specification.name" value="Java Virtual Machine Specification"/>
    <property name="sun.os.patch.level" value=""/>
    <property name="native.encoding" value="Cp1252"/>
    <property name="java.library.path" value="C:\Program Files\Eclipse Adoptium\jdk-23.0.1.11-hotspot\bin;C:\WINDOWS\Sun\Java\bin;C:\WINDOWS\system32;C:\WINDOWS;C:\Program Files\Git\mingw64\bin;C:\Program Files\Git\usr\bin;D:\cae\Profile\bin;C:\Program Files\Eclipse Adoptium\jdk-23.0.1.11-hotspot\bin;C:\Program Files (x86)\BullseyeCoverage\bin;C:\Program Files (x86)\Intel\Compiler\11.1\072\lib\Intel64;C:\Program Files (x86)\Intel\Compiler\11.1\072\lib\ia32;C:\Program Files (x86)\Intel\Compiler\11.1\072\mkl\em64t\bin;C:\Program Files\Microsoft SDKs\Azure\CLI2\wbin;C:\Program Files (x86)\Common Files\Intel\Shared Libraries\redist\intel64_win\mpirt;C:\Program Files (x86)\Common Files\Intel\Shared Libraries\redist\ia32_win\mpirt;C:\Program Files (x86)\Common Files\Intel\Shared Libraries\redist\intel64_win\compiler;C:\Program Files (x86)\Common Files\Intel\Shared Libraries\redist\ia32_win\compiler;C:\Program Files\Microsoft\jdk-11.0.16.101-hotspot\bin;C:\Program Files\Eclipse Foundation\jdk-8.0.302.8-hotspot\bin;C:\Program Files\Microsoft MPI\Bin;C:\WINDOWS\system32;C:\WINDOWS;C:\WINDOWS\System32\Wbem;C:\WINDOWS\System32\WindowsPowerShell\v1.0;C:\WINDOWS\System32\OpenSSH;C:\Program Files\dotnet;C:\Program Files (x86)\NVIDIA Corporation\PhysX\Common;C:\Program Files\Microsoft VS Code\bin;C:\Program Files (x86)\Microsoft SQL Server\90\Tools\binn;C:\Program Files\Microsoft\Web Platform Installer;C:\Program Files (x86)\Microsoft ASP.NET\ASP.NET Web Pages\v1.0;C:\Program Files\Microsoft SQL Server\110\Tools\Binn;C:\Program Files\Microsoft SQL Server\120\Tools\Binn;C:\Program Files\Microsoft SQL Server\130\Tools\Binn;C:\Program Files\Microsoft SQL Server\Client SDK\ODBC\170\Tools\Binn;C:\Program Files\Microsoft SQL Server\150\Tools\Binn;C:\Program Files (x86)\nodejs;C:\Program Files\Microsoft VS Code Insiders\bin;C:\Program Files (x86)\Windows Kits\10\Windows Performance Toolkit;C:\Program Files\RedHat\Podman;C:\WINDOWS\system32;C:\WINDOWS;C:\WINDOWS\System32\Wbem;C:\WINDOWS\System32\WindowsPowerShell\v1.0;C:\WINDOWS\System32\OpenSSH;C:\Program Files\NVIDIA Corporation\NVIDIA App\NvDLISR;C:\Program Files\Git\cmd;C:\Program Files\GitHub CLI;C:\Program Files\PowerShell\7;C:\Program Files\Red Hat OpenShift Local;C:\Program Files\nodejs;C:\Program Files\Docker\Docker\resources\bin;C:\Program Files\Microsoft SQL Server\170\Tools\Binn;C:\Users\aassaf\AppData\Local\Programs\apache-maven-3.9.11\bin;C:\Users\aassaf\AppData\Local\Programs\Python\Python312\Scripts;C:\Users\aassaf\AppData\Local\Programs\Python\Python312;C:\Users\aassaf\AppData\Local\Programs\Python\Launcher;C:\Users\aassaf\AppData\Local\Microsoft\WindowsApps;C:\Users\aassaf\AppData\Local\JetBrains\Toolbox\scripts;C:\Program Files\Vim\vim90;C:\Users\aassaf\AppData\Local\Microsoft\WindowsApps;C:\Users\aassaf\.dotnet\tools;D:\cae\Sources\Personal_CAE\Tools\Scripts;C:\Users\aassaf\AppData\Local\Microsoft\WinGet\Links;C:\Users\aassaf\AppData\Roaming\Code - Insiders\User\globalStorage\ms-vscode-remote.remote-containers\cli-bin;C:\Users\aassaf\.dotnet\tools;C:\Users\aassaf\AppData\Local\Pandoc;C:\Users\aassaf\AppData\Roaming\npm;C:\Users\aassaf\.vscode\extensions\ms-python.debugpy-2025.10.0-win32-x64\bundled\scripts\noConfigScripts;C:\Users\aassaf\AppData\Roaming\Code\User\globalStorage\github.copilot-chat\debugCommand;."/>
    <property name="java.vm.info" value="mixed mode, sharing"/>
    <property name="stderr.encoding" value="Cp1252"/>
    <property name="java.vendor" value="Eclipse Adoptium"/>
    <property name="java.vm.version" value="23.0.1+11"/>
    <property name="sun.io.unicode.encoding" value="UnicodeLittle"/>
    <property name="java.class.version" value="67.0"/>
  </properties>
  <testcase name="testGuiTableModelsHaveStatus" classname="com.agora.monitoring.MonitoringGuiTest" time="0.583">
    <system-err><![CDATA[[main] WARN oshi.util.platform.windows.WmiQueryHandler - COM exception querying MSAcpi_ThermalZoneTemperature, which might not be on your system. Will not attempt to query it again. Error was -2147217396: Failed to enumerate results.
[main] WARN com.agora.monitoring.monitor.TemperatureMonitor - Sensor cpu0 over threshold: 35.0 > 30.0
[main] WARN com.agora.monitoring.alert.AlertService - ALERTE: capteur=cpu0 valeur=35.00°C seuil=30.00°C
[main] INFO com.agora.monitoring.monitor.TemperatureMonitor - Sensor cpu0_core1 OK: 65.0C
[main] INFO com.agora.monitoring.monitor.TemperatureMonitor - Sensor gpu0 OK: 55.0C
[main] INFO com.agora.monitoring.monitor.TemperatureMonitor - Sensor hdd0 OK: 45.0C
[main] INFO com.agora.monitoring.monitor.TemperatureMonitor - Sensor mb_temp OK: 40.0C
[main] INFO com.agora.monitoring.monitor.FanMonitor - Fan fan_cpu OK rpm=1078
[main] INFO com.agora.monitoring.monitor.FanMonitor - Fan fan_chassis OK rpm=722
[main] INFO com.agora.monitoring.monitor.FanMonitor - Fan fan_gpu OK rpm=1860
]]></system-err>
  </testcase>
</testsuite>